This file contains any messages produced by compilers while
running configure, to aid debugging if configure makes a mistake.

It was created by RtAudio configure 4.0, which was
generated by GNU Autoconf 2.61.  Invocation command line was

  $ ./configure 

## --------- ##
## Platform. ##
## --------- ##

hostname = kongbu
uname -m = x86_64
uname -r = 11.4.2
uname -s = Darwin
uname -v = Darwin Kernel Version 11.4.2: Thu Aug 23 16:25:48 PDT 2012; root:xnu-1699.32.7~1/RELEASE_X86_64

/usr/bin/uname -p = i386
/bin/uname -X     = unknown

/bin/arch              = unknown
/usr/bin/arch -k       = unknown
/usr/convex/getsysinfo = unknown
/usr/bin/hostinfo      = Mach kernel version:
	 Darwin Kernel Version 11.4.2: Thu Aug 23 16:25:48 PDT 2012; root:xnu-1699.32.7~1/RELEASE_X86_64
Kernel configured for up to 4 processors.
2 processors are physically available.
4 processors are logically available.
Processor type: i486 (Intel 80486)
Processors active: 0 1 2 3
Primary memory available: 4.00 gigabytes
Default processor set: 115 tasks, 621 threads, 4 processors
Load average: 1.02, Mach factor: 2.97
/bin/machine           = unknown
/usr/bin/oslevel       = unknown
/bin/universe          = unknown

PATH: /Users/tebo/bin
PATH: /usr/bin
PATH: /bin
PATH: /usr/sbin
PATH: /sbin
PATH: /usr/local/bin
PATH: /usr/X11/bin
PATH: /opt/local/bin
PATH: /opt/local/lib/openmpi/bin
PATH: /Users/tebo/.ec2/bin


## ----------- ##
## Core tests. ##
## ----------- ##

configure:1830: checking for g++
configure:1846: found /usr/bin/g++
configure:1857: result: g++
configure:1888: checking for C++ compiler version
configure:1895: g++ --version >&5
i686-apple-darwin11-llvm-g++-4.2 (GCC) 4.2.1 (Based on Apple Inc. build 5658) (LLVM build 2335.15.00)
Copyright (C) 2007 Free Software Foundation, Inc.
This is free software; see the source for copying conditions.  There is NO
warranty; not even for MERCHANTABILITY or FITNESS FOR A PARTICULAR PURPOSE.

configure:1898: $? = 0
configure:1905: g++ -v >&5
Using built-in specs.
Target: i686-apple-darwin11
Configured with: /private/var/tmp/llvmgcc42/llvmgcc42-2335.15~25/src/configure --disable-checking --enable-werror --prefix=/Developer/usr/llvm-gcc-4.2 --mandir=/share/man --enable-languages=c,objc,c++,obj-c++ --program-prefix=llvm- --program-transform-name=/^[cg][^.-]*$/s/$/-4.2/ --with-slibdir=/usr/lib --build=i686-apple-darwin11 --enable-llvm=/private/var/tmp/llvmgcc42/llvmgcc42-2335.15~25/dst-llvmCore/Developer/usr/local --program-prefix=i686-apple-darwin11- --host=x86_64-apple-darwin11 --target=i686-apple-darwin11 --with-gxx-include-dir=/usr/include/c++/4.2.1
Thread model: posix
gcc version 4.2.1 (Based on Apple Inc. build 5658) (LLVM build 2335.15.00)
configure:1908: $? = 0
configure:1915: g++ -V >&5
llvm-g++-4.2: argument to `-V' is missing
configure:1918: $? = 1
configure:1941: checking for C++ compiler default output file name
configure:1968: g++    conftest.cpp  >&5
configure:1971: $? = 0
configure:2009: result: a.out
configure:2026: checking whether the C++ compiler works
configure:2036: ./a.out
configure:2039: $? = 0
configure:2056: result: yes
configure:2063: checking whether we are cross compiling
configure:2065: result: no
configure:2068: checking for suffix of executables
configure:2075: g++ -o conftest    conftest.cpp  >&5
configure:2078: $? = 0
configure:2102: result: 
configure:2108: checking for suffix of object files
configure:2134: g++ -c   conftest.cpp >&5
configure:2137: $? = 0
configure:2160: result: o
configure:2164: checking whether we are using the GNU C++ compiler
configure:2193: g++ -c   conftest.cpp >&5
configure:2199: $? = 0
configure:2216: result: yes
configure:2221: checking whether g++ accepts -g
configure:2251: g++ -c -g  conftest.cpp >&5
configure:2257: $? = 0
configure:2356: result: yes
configure:2422: checking for ranlib
configure:2438: found /usr/bin/ranlib
configure:2449: result: ranlib
configure:2477: checking for ar
configure:2495: found /usr/bin/ar
configure:2508: result: /usr/bin/ar
configure:2571: checking for gcc
configure:2587: found /usr/bin/gcc
configure:2598: result: gcc
configure:2836: checking for C compiler version
configure:2843: gcc --version >&5
i686-apple-darwin11-llvm-gcc-4.2 (GCC) 4.2.1 (Based on Apple Inc. build 5658) (LLVM build 2335.15.00)
Copyright (C) 2007 Free Software Foundation, Inc.
This is free software; see the source for copying conditions.  There is NO
warranty; not even for MERCHANTABILITY or FITNESS FOR A PARTICULAR PURPOSE.

configure:2846: $? = 0
configure:2853: gcc -v >&5
Using built-in specs.
Target: i686-apple-darwin11
Configured with: /private/var/tmp/llvmgcc42/llvmgcc42-2335.15~25/src/configure --disable-checking --enable-werror --prefix=/Developer/usr/llvm-gcc-4.2 --mandir=/share/man --enable-languages=c,objc,c++,obj-c++ --program-prefix=llvm- --program-transform-name=/^[cg][^.-]*$/s/$/-4.2/ --with-slibdir=/usr/lib --build=i686-apple-darwin11 --enable-llvm=/private/var/tmp/llvmgcc42/llvmgcc42-2335.15~25/dst-llvmCore/Developer/usr/local --program-prefix=i686-apple-darwin11- --host=x86_64-apple-darwin11 --target=i686-apple-darwin11 --with-gxx-include-dir=/usr/include/c++/4.2.1
Thread model: posix
gcc version 4.2.1 (Based on Apple Inc. build 5658) (LLVM build 2335.15.00)
configure:2856: $? = 0
configure:2863: gcc -V >&5
llvm-gcc-4.2: argument to `-V' is missing
configure:2866: $? = 1
configure:2869: checking whether we are using the GNU C compiler
configure:2898: gcc -c   conftest.c >&5
configure:2904: $? = 0
configure:2921: result: yes
configure:2926: checking whether gcc accepts -g
configure:2956: gcc -c -g  conftest.c >&5
configure:2962: $? = 0
configure:3061: result: yes
configure:3078: checking for gcc option to accept ISO C89
configure:3152: gcc  -c -g -O2  conftest.c >&5
configure:3158: $? = 0
configure:3181: result: none needed
configure:3205: checking how to run the C preprocessor
configure:3245: gcc -E  conftest.c
configure:3251: $? = 0
configure:3282: gcc -E  conftest.c
conftest.c:8:28: error: ac_nonexistent.h: No such file or directory
configure:3288: $? = 1
configure: failed program was:
| /* confdefs.h.  */
| #define PACKAGE_NAME "RtAudio"
| #define PACKAGE_TARNAME "rtaudio"
| #define PACKAGE_VERSION "4.0"
| #define PACKAGE_STRING "RtAudio 4.0"
| #define PACKAGE_BUGREPORT "gary@music.mcgill.ca"
| /* end confdefs.h.  */
| #include <ac_nonexistent.h>
configure:3321: result: gcc -E
configure:3350: gcc -E  conftest.c
configure:3356: $? = 0
configure:3387: gcc -E  conftest.c
conftest.c:8:28: error: ac_nonexistent.h: No such file or directory
configure:3393: $? = 1
configure: failed program was:
| /* confdefs.h.  */
| #define PACKAGE_NAME "RtAudio"
| #define PACKAGE_TARNAME "rtaudio"
| #define PACKAGE_VERSION "4.0"
| #define PACKAGE_STRING "RtAudio 4.0"
| #define PACKAGE_BUGREPORT "gary@music.mcgill.ca"
| /* end confdefs.h.  */
| #include <ac_nonexistent.h>
configure:3431: checking for grep that handles long lines and -e
configure:3505: result: /usr/bin/grep
configure:3510: checking for egrep
configure:3588: result: /usr/bin/grep -E
configure:3593: checking for ANSI C header files
configure:3623: gcc -c -g -O2  conftest.c >&5
configure:3629: $? = 0
configure:3728: gcc -o conftest -g -O2   conftest.c  >&5
configure:3731: $? = 0
configure:3737: ./conftest
configure:3740: $? = 0
configure:3757: result: yes
configure:3781: checking for sys/types.h
configure:3802: gcc -c -g -O2  conftest.c >&5
configure:3808: $? = 0
configure:3824: result: yes
configure:3781: checking for sys/stat.h
configure:3802: gcc -c -g -O2  conftest.c >&5
configure:3808: $? = 0
configure:3824: result: yes
configure:3781: checking for stdlib.h
configure:3802: gcc -c -g -O2  conftest.c >&5
configure:3808: $? = 0
configure:3824: result: yes
configure:3781: checking for string.h
configure:3802: gcc -c -g -O2  conftest.c >&5
configure:3808: $? = 0
configure:3824: result: yes
configure:3781: checking for memory.h
configure:3802: gcc -c -g -O2  conftest.c >&5
configure:3808: $? = 0
configure:3824: result: yes
configure:3781: checking for strings.h
configure:3802: gcc -c -g -O2  conftest.c >&5
configure:3808: $? = 0
configure:3824: result: yes
configure:3781: checking for inttypes.h
configure:3802: gcc -c -g -O2  conftest.c >&5
configure:3808: $? = 0
configure:3824: result: yes
configure:3781: checking for stdint.h
configure:3802: gcc -c -g -O2  conftest.c >&5
configure:3808: $? = 0
configure:3824: result: yes
configure:3781: checking for unistd.h
configure:3802: gcc -c -g -O2  conftest.c >&5
configure:3808: $? = 0
configure:3824: result: yes
configure:3852: checking sys/ioctl.h usability
configure:3869: gcc -c -g -O2  conftest.c >&5
configure:3875: $? = 0
configure:3889: result: yes
configure:3893: checking sys/ioctl.h presence
configure:3908: gcc -E  conftest.c
configure:3914: $? = 0
configure:3928: result: yes
configure:3961: checking for sys/ioctl.h
configure:3969: result: yes
configure:3842: checking for unistd.h
configure:3848: result: yes
configure:3984: checking whether to compile debug version
configure:3997: result: no
configure:4004: checking for gettimeofday
configure:4060: gcc -o conftest -g -O2   conftest.c  >&5
configure:4066: $? = 0
configure:4083: result: yes
configure:4111: checking build system type
configure:4129: result: i386-apple-darwin11.4.2
configure:4151: checking host system type
configure:4166: result: i386-apple-darwin11.4.2
configure:4208: checking for audio API
configure:4956: result: using CoreAudio
configure:4968: checking CoreAudio/CoreAudio.h usability
configure:4985: gcc -c -g -O2   -DHAVE_GETTIMEOFDAY conftest.c >&5
configure:4991: $? = 0
configure:5005: result: yes
configure:5009: checking CoreAudio/CoreAudio.h presence
configure:5024: gcc -E   -DHAVE_GETTIMEOFDAY conftest.c
configure:5030: $? = 0
configure:5044: result: yes
configure:5077: checking for CoreAudio/CoreAudio.h
configure:5084: result: yes
configure:5102: checking for pthread_create in -lpthread
configure:5137: gcc -o conftest -g -O2   -DHAVE_GETTIMEOFDAY  conftest.c -lpthread  -framework CoreAudio -framework CoreFoundation >&5
configure:5143: $? = 0
configure:5161: result: yes
configure:5355: creating ./config.status

## ---------------------- ##
## Running config.status. ##
## ---------------------- ##

This file was extended by RtAudio config.status 4.0, which was
generated by GNU Autoconf 2.61.  Invocation command line was

  CONFIG_FILES    = 
  CONFIG_HEADERS  = 
  CONFIG_LINKS    = 
  CONFIG_COMMANDS = 
  $ ./config.status 

on kongbu

config.status:598: creating rtaudio-config
config.status:598: creating Makefile
config.status:598: creating tests/Makefile

## ---------------- ##
## Cache variables. ##
## ---------------- ##

ac_cv_build=i386-apple-darwin11.4.2
ac_cv_c_compiler_gnu=yes
ac_cv_cxx_compiler_gnu=yes
ac_cv_env_CCC_set=
ac_cv_env_CCC_value=
ac_cv_env_CC_set=
ac_cv_env_CC_value=
ac_cv_env_CFLAGS_set=
ac_cv_env_CFLAGS_value=
ac_cv_env_CPPFLAGS_set=
ac_cv_env_CPPFLAGS_value=
ac_cv_env_CPP_set=
ac_cv_env_CPP_value=
ac_cv_env_CXXFLAGS_set=
ac_cv_env_CXXFLAGS_value=
ac_cv_env_CXX_set=
ac_cv_env_CXX_value=
ac_cv_env_LDFLAGS_set=
ac_cv_env_LDFLAGS_value=
ac_cv_env_LIBS_set=
ac_cv_env_LIBS_value=
ac_cv_env_build_alias_set=
ac_cv_env_build_alias_value=
ac_cv_env_host_alias_set=
ac_cv_env_host_alias_value=
ac_cv_env_target_alias_set=
ac_cv_env_target_alias_value=
ac_cv_func_gettimeofday=yes
ac_cv_header_CoreAudio_CoreAudio_h=yes
ac_cv_header_inttypes_h=yes
ac_cv_header_memory_h=yes
ac_cv_header_stdc=yes
ac_cv_header_stdint_h=yes
ac_cv_header_stdlib_h=yes
ac_cv_header_string_h=yes
ac_cv_header_strings_h=yes
ac_cv_header_sys_ioctl_h=yes
ac_cv_header_sys_stat_h=yes
ac_cv_header_sys_types_h=yes
ac_cv_header_unistd_h=yes
ac_cv_host=i386-apple-darwin11.4.2
ac_cv_lib_pthread_pthread_create=yes
ac_cv_objext=o
ac_cv_path_AR=/usr/bin/ar
ac_cv_path_EGREP='/usr/bin/grep -E'
ac_cv_path_GREP=/usr/bin/grep
ac_cv_prog_CPP='gcc -E'
ac_cv_prog_ac_ct_CC=gcc
ac_cv_prog_ac_ct_CXX=g++
ac_cv_prog_ac_ct_RANLIB=ranlib
ac_cv_prog_cc_c89=
ac_cv_prog_cc_g=yes
ac_cv_prog_cxx_g=yes

## ----------------- ##
## Output variables. ##
## ----------------- ##

AR='/usr/bin/ar'
CC='gcc'
CFLAGS='-g -O2'
CPP='gcc -E'
CPPFLAGS='  -DHAVE_GETTIMEOFDAY -D__MACOSX_CORE__'
CXX='g++'
CXXFLAGS='-O2 -Wall'
DEFS='-DPACKAGE_NAME=\"RtAudio\" -DPACKAGE_TARNAME=\"rtaudio\" -DPACKAGE_VERSION=\"4.0\" -DPACKAGE_STRING=\"RtAudio\ 4.0\" -DPACKAGE_BUGREPORT=\"gary@music.mcgill.ca\" -DSTDC_HEADERS=1 -DHAVE_SYS_TYPES_H=1 -DHAVE_SYS_STAT_H=1 -DHAVE_STDLIB_H=1 -DHAVE_STRING_H=1 -DHAVE_MEMORY_H=1 -DHAVE_STRINGS_H=1 -DHAVE_INTTYPES_H=1 -DHAVE_STDINT_H=1 -DHAVE_UNISTD_H=1 -DHAVE_SYS_IOCTL_H=1 -DHAVE_UNISTD_H=1 -DHAVE_LIBPTHREAD=1'
ECHO_C='ECHO_N=''
ECHO_T=''
EGREP='/usr/bin/grep -E'
EXEEXT=''
GREP='/usr/bin/grep'
GXX='yes'
LDFLAGS=''
LIBOBJS=''
LIBS='-lpthread -framework CoreAudio -framework CoreFoundation'
LTLIBOBJS=''
OBJEXT='o'
PACKAGE_BUGREPORT='gary@music.mcgill.ca'
PACKAGE_NAME='RtAudio'
PACKAGE_STRING='RtAudio 4.0'
PACKAGE_TARNAME='rtaudio'
PACKAGE_VERSION='4.0'
PATH_SEPARATOR=':'
RANLIB='ranlib'
SHELL='/bin/sh'
ac_ct_CC='gcc'
ac_ct_CXX='g++'
api='-D__MACOSX_CORE__'
bindir='${exec_prefix}/bin'
build='i386-apple-darwin11.4.2'
build_alias=''
build_cpu='i386'
build_os='darwin11.4.2'
build_vendor='apple'
cppflag=' -DHAVE_GETTIMEOFDAY'
cxxflag='-Wall'
datadir='${datarootdir}'
datarootdir='${prefix}/share'
docdir='${datarootdir}/doc/${PACKAGE_TARNAME}'
dvidir='${docdir}'
exec_prefix='${prefix}'
host='i386-apple-darwin11.4.2'
host_alias=''
host_cpu='i386'
host_os='darwin11.4.2'
host_vendor='apple'
htmldir='${docdir}'
includedir='${prefix}/include'
infodir='${datarootdir}/info'
libdir='${exec_prefix}/lib'
libexecdir='${exec_prefix}/libexec'
libflags='-dynamiclib -o librtaudio.$(RELEASE).dylib'
localedir='${datarootdir}/locale'
localstatedir='${prefix}/var'
mandir='${datarootdir}/man'
object_path='Release'
objects=''
oldincludedir='/usr/include'
pdfdir='${docdir}'
prefix='/usr/local'
program_transform_name='s,x,x,'
psdir='${docdir}'
sbindir='${exec_prefix}/sbin'
sharedlib='librtaudio.dylib'
sharedname='librtaudio.$(RELEASE).dylib'
sharedstatedir='${prefix}/com'
sysconfdir='${prefix}/etc'
target_alias=''

## ----------- ##
## confdefs.h. ##
## ----------- ##

#define PACKAGE_NAME "RtAudio"
#define PACKAGE_TARNAME "rtaudio"
#define PACKAGE_VERSION "4.0"
#define PACKAGE_STRING "RtAudio 4.0"
#define PACKAGE_BUGREPORT "gary@music.mcgill.ca"
#define STDC_HEADERS 1
#define HAVE_SYS_TYPES_H 1
#define HAVE_SYS_STAT_H 1
#define HAVE_STDLIB_H 1
#define HAVE_STRING_H 1
#define HAVE_MEMORY_H 1
#define HAVE_STRINGS_H 1
#define HAVE_INTTYPES_H 1
#define HAVE_STDINT_H 1
#define HAVE_UNISTD_H 1
#define HAVE_SYS_IOCTL_H 1
#define HAVE_UNISTD_H 1
#define HAVE_LIBPTHREAD 1

configure: exit 0
